# JRE version: OpenJDK Runtime Environment (11.0.10) (build 11.0.10+0-b96-7249189)
# Java VM: OpenJDK 64-Bit Server VM (11.0.10+0-b96-7249189, mixed mode, tiered, compressed oops, g1 gc, windows-amd64)
Heap:
 garbage-first heap   total 187392K, used 95393K [0x0000000080000000, 0x0000000100000000)
  region size 1024K, 47 young (48128K), 10 survivors (10240K)
 Metaspace       used 79868K, capacity 82045K, committed 82252K, reserved 1120256K
  class space    used 10447K, capacity 11245K, committed 11340K, reserved 1048576K
GC Heap History (20 events):
Event: 1.330 GC heap before
{Heap before GC invocations=3 (full 0):
 garbage-first heap   total 129024K, used 30707K [0x0000000080000000, 0x0000000100000000)
  region size 1024K, 23 young (23552K), 7 survivors (7168K)
 Metaspace       used 20547K, capacity 21096K, committed 21248K, reserved 1067008K
  class space    used 2511K, capacity 2690K, committed 2816K, reserved 1048576K
}
Event: 1.333 GC heap after
{Heap after GC invocations=4 (full 0):
 garbage-first heap   total 129024K, used 16698K [0x0000000080000000, 0x0000000100000000)
  region size 1024K, 6 young (6144K), 6 survivors (6144K)
 Metaspace       used 20547K, capacity 21096K, committed 21248K, reserved 1067008K
  class space    used 2511K, capacity 2690K, committed 2816K, reserved 1048576K
}
Event: 1.699 GC heap before
{Heap before GC invocations=5 (full 0):
 garbage-first heap   total 129024K, used 65850K [0x0000000080000000, 0x0000000100000000)
  region size 1024K, 54 young (55296K), 6 survivors (6144K)
 Metaspace       used 25601K, capacity 26268K, committed 26368K, reserved 1073152K
  class space    used 3348K, capacity 3568K, committed 3584K, reserved 1048576K
}
Event: 1.703 GC heap after
{Heap after GC invocations=6 (full 0):
 garbage-first heap   total 155648K, used 18424K [0x0000000080000000, 0x0000000100000000)
  region size 1024K, 3 young (3072K), 3 survivors (3072K)
 Metaspace       used 25601K, capacity 26268K, committed 26368K, reserved 1073152K
  class space    used 3348K, capacity 3568K, committed 3584K, reserved 1048576K
}
Event: 2.242 GC heap before
{Heap before GC invocations=6 (full 0):
 garbage-first heap   total 155648K, used 79864K [0x0000000080000000, 0x0000000100000000)
  region size 1024K, 65 young (66560K), 3 survivors (3072K)
 Metaspace       used 35020K, capacity 35830K, committed 35840K, reserved 1081344K
  class space    used 4543K, capacity 4864K, committed 4864K, reserved 1048576K
}
Event: 2.247 GC heap after
{Heap after GC invocations=7 (full 0):
 garbage-first heap   total 155648K, used 22012K [0x0000000080000000, 0x0000000100000000)
  region size 1024K, 6 young (6144K), 6 survivors (6144K)
 Metaspace       used 35020K, capacity 35830K, committed 35840K, reserved 1081344K
  class space    used 4543K, capacity 4864K, committed 4864K, reserved 1048576K
}
Event: 2.762 GC heap before
{Heap before GC invocations=8 (full 0):
 garbage-first heap   total 155648K, used 99836K [0x0000000080000000, 0x0000000100000000)
  region size 1024K, 80 young (81920K), 6 survivors (6144K)
 Metaspace       used 40642K, capacity 41580K, committed 41804K, reserved 1085440K
  class space    used 5247K, capacity 5597K, committed 5708K, reserved 1048576K
}
Event: 2.769 GC heap after
{Heap after GC invocations=9 (full 0):
 garbage-first heap   total 155648K, used 27342K [0x0000000080000000, 0x0000000100000000)
  region size 1024K, 9 young (9216K), 9 survivors (9216K)
 Metaspace       used 40642K, capacity 41580K, committed 41804K, reserved 1085440K
  class space    used 5247K, capacity 5597K, committed 5708K, reserved 1048576K
}
Event: 3.650 GC heap before
{Heap before GC invocations=9 (full 0):
 garbage-first heap   total 155648K, used 103118K [0x0000000080000000, 0x0000000100000000)
  region size 1024K, 83 young (84992K), 9 survivors (9216K)
 Metaspace       used 46649K, capacity 47909K, committed 48204K, reserved 1091584K
  class space    used 5985K, capacity 6428K, committed 6476K, reserved 1048576K
}
Event: 3.657 GC heap after
{Heap after GC invocations=10 (full 0):
 garbage-first heap   total 155648K, used 29680K [0x0000000080000000, 0x0000000100000000)
  region size 1024K, 8 young (8192K), 8 survivors (8192K)
 Metaspace       used 46649K, capacity 47909K, committed 48204K, reserved 1091584K
  class space    used 5985K, capacity 6428K, committed 6476K, reserved 1048576K
}
Event: 4.333 GC heap before
{Heap before GC invocations=10 (full 0):
 garbage-first heap   total 155648K, used 110576K [0x0000000080000000, 0x0000000100000000)
  region size 1024K, 84 young (86016K), 8 survivors (8192K)
 Metaspace       used 55202K, capacity 56629K, committed 56652K, reserved 1097728K
  class space    used 6998K, capacity 7486K, committed 7500K, reserved 1048576K
}
Event: 4.340 GC heap after
{Heap after GC invocations=11 (full 0):
 garbage-first heap   total 187392K, used 42182K [0x0000000080000000, 0x0000000100000000)
  region size 1024K, 11 young (11264K), 11 survivors (11264K)
 Metaspace       used 55202K, capacity 56629K, committed 56652K, reserved 1097728K
  class space    used 6998K, capacity 7486K, committed 7500K, reserved 1048576K
}
Event: 4.539 GC heap before
{Heap before GC invocations=11 (full 0):
 garbage-first heap   total 187392K, used 63686K [0x0000000080000000, 0x0000000100000000)
  region size 1024K, 33 young (33792K), 11 survivors (11264K)
 Metaspace       used 58601K, capacity 60107K, committed 60236K, reserved 1101824K
  class space    used 7439K, capacity 7981K, committed 8012K, reserved 1048576K
}
Event: 4.549 GC heap after
{Heap after GC invocations=12 (full 0):
 garbage-first heap   total 187392K, used 44680K [0x0000000080000000, 0x0000000100000000)
  region size 1024K, 3 young (3072K), 3 survivors (3072K)
 Metaspace       used 58601K, capacity 60107K, committed 60236K, reserved 1101824K
  class space    used 7439K, capacity 7981K, committed 8012K, reserved 1048576K
}
Event: 4.998 GC heap before
{Heap before GC invocations=13 (full 0):
 garbage-first heap   total 187392K, used 119432K [0x0000000080000000, 0x0000000100000000)
  region size 1024K, 76 young (77824K), 3 survivors (3072K)
 Metaspace       used 63553K, capacity 65179K, committed 65356K, reserved 1105920K
  class space    used 8087K, capacity 8654K, committed 8780K, reserved 1048576K
}
Event: 5.005 GC heap after
{Heap after GC invocations=14 (full 0):
 garbage-first heap   total 187392K, used 50215K [0x0000000080000000, 0x0000000100000000)
  region size 1024K, 8 young (8192K), 8 survivors (8192K)
 Metaspace       used 63553K, capacity 65179K, committed 65356K, reserved 1105920K
  class space    used 8087K, capacity 8654K, committed 8780K, reserved 1048576K
}
Event: 5.583 GC heap before
{Heap before GC invocations=15 (full 0):
 garbage-first heap   total 187392K, used 124967K [0x0000000080000000, 0x0000000100000000)
  region size 1024K, 81 young (82944K), 8 survivors (8192K)
 Metaspace       used 70993K, capacity 72705K, committed 72908K, reserved 1112064K
  class space    used 9221K, capacity 9841K, committed 9932K, reserved 1048576K
}
Event: 5.590 GC heap after
{Heap after GC invocations=16 (full 0):
 garbage-first heap   total 187392K, used 55343K [0x0000000080000000, 0x0000000100000000)
  region size 1024K, 6 young (6144K), 6 survivors (6144K)
 Metaspace       used 70993K, capacity 72705K, committed 72908K, reserved 1112064K
  class space    used 9221K, capacity 9841K, committed 9932K, reserved 1048576K
}
Event: 6.450 GC heap before
{Heap before GC invocations=16 (full 0):
 garbage-first heap   total 187392K, used 130095K [0x0000000080000000, 0x0000000100000000)
  region size 1024K, 80 young (81920K), 6 survivors (6144K)
 Metaspace       used 79257K, capacity 81391K, committed 81740K, reserved 1120256K
  class space    used 10410K, capacity 11214K, committed 11340K, reserved 1048576K
}
Event: 6.457 GC heap after
{Heap after GC invocations=17 (full 0):
 garbage-first heap   total 187392K, used 59553K [0x0000000080000000, 0x0000000100000000)
  region size 1024K, 10 young (10240K), 10 survivors (10240K)
 Metaspace       used 79257K, capacity 81391K, committed 81740K, reserved 1120256K
  class space    used 10410K, capacity 11214K, committed 11340K, reserved 1048576K
}

